<?xml version="1.0" encoding="utf-8"?><testsuites name="pytest tests"><testsuite name="pytest" errors="0" failures="0" skipped="0" tests="11" time="6.849" timestamp="2026-02-18T23:04:34.954429+00:00" hostname="agent-env-1943ec63-c1c8-44b9-ad3c-010dd2301885"><testcase classname="backend.tests.test_multiple_spins.TestSpinWheelBasicFunctionality" name="test_01_spin_endpoint_exists" time="1.136" /><testcase classname="backend.tests.test_multiple_spins.TestSpinWheelBasicFunctionality" name="test_02_first_spin_not_final" time="0.123" /><testcase classname="backend.tests.test_multiple_spins.TestSpinWheelBasicFunctionality" name="test_03_second_spin_not_final" time="0.124" /><testcase classname="backend.tests.test_multiple_spins.TestSpinWheelBasicFunctionality" name="test_04_third_spin_is_final_with_winner" time="0.122" /><testcase classname="backend.tests.test_multiple_spins.TestResetSpinsFeature" name="test_01_do_spins_then_reset" time="1.311" /><testcase classname="backend.tests.test_multiple_spins.TestResetSpinsFeature" name="test_02_spin_after_reset_starts_from_one" time="0.136" /><testcase classname="backend.tests.test_multiple_spins.TestPreselectedWinnerOnFinalSpin" name="test_01_first_spin_doesnt_reveal_preselect" time="0.861" /><testcase classname="backend.tests.test_multiple_spins.TestPreselectedWinnerOnFinalSpin" name="test_02_final_spin_returns_preselected_winner" time="0.144" /><testcase classname="backend.tests.test_multiple_spins.TestSpinEdgeCases" name="test_01_spin_without_sold_tickets_fails" time="0.688" /><testcase classname="backend.tests.test_multiple_spins.TestSpinEdgeCases" name="test_02_spin_after_winner_set_fails" time="0.701" /><testcase classname="backend.tests.test_multiple_spins.TestSpinCountPersistence" name="test_spin_count_increments_correctly" time="1.449" /></testsuite></testsuites>