<?xml version="1.0" encoding="utf-8"?><testsuites name="pytest tests"><testsuite name="pytest" errors="0" failures="0" skipped="0" tests="16" time="4.243" timestamp="2026-02-18T04:54:07.606814+00:00" hostname="agent-env-1943ec63-c1c8-44b9-ad3c-010dd2301885"><testcase classname="backend.tests.test_preselect_winner.TestAuthAndUserProfile" name="test_1_register_new_user" time="0.425" /><testcase classname="backend.tests.test_preselect_winner.TestAuthAndUserProfile" name="test_2_login_user" time="0.325" /><testcase classname="backend.tests.test_preselect_winner.TestAuthAndUserProfile" name="test_3_get_user_profile" time="0.126" /><testcase classname="backend.tests.test_preselect_winner.TestAuthAndUserProfile" name="test_4_make_super_admin" time="0.132" /><testcase classname="backend.tests.test_preselect_winner.TestAuthAndUserProfile" name="test_5_verify_super_admin_status" time="0.101" /><testcase classname="backend.tests.test_preselect_winner.TestRaffleCreationAndManagement" name="test_1_create_raffle" time="0.485" /><testcase classname="backend.tests.test_preselect_winner.TestRaffleCreationAndManagement" name="test_2_get_raffle_details" time="0.135" /><testcase classname="backend.tests.test_preselect_winner.TestRaffleCreationAndManagement" name="test_3_assign_tickets_by_admin" time="0.097" /><testcase classname="backend.tests.test_preselect_winner.TestRaffleCreationAndManagement" name="test_4_verify_tickets_sold" time="0.102" /><testcase classname="backend.tests.test_preselect_winner.TestPreselectWinnerFeature" name="test_1_preselect_winner_endpoint_exists" time="0.689" /><testcase classname="backend.tests.test_preselect_winner.TestPreselectWinnerFeature" name="test_2_verify_preselection_stored" time="0.116" /><testcase classname="backend.tests.test_preselect_winner.TestPreselectWinnerFeature" name="test_3_preselect_invalid_number_fails" time="0.114" /><testcase classname="backend.tests.test_preselect_winner.TestPreselectWinnerFeature" name="test_4_clear_preselection" time="0.207" /><testcase classname="backend.tests.test_preselect_winner.TestPreselectWinnerFeature" name="test_5_preselect_and_set_winner" time="0.217" /><testcase classname="backend.tests.test_preselect_winner.TestPreselectWinnerFeature" name="test_6_verify_raffle_completed" time="0.125" /><testcase classname="backend.tests.test_preselect_winner.TestPublicRaffleEndpoint" name="test_public_raffle_does_not_expose_preselection" time="0.776" /></testsuite></testsuites>