<?xml version="1.0" encoding="utf-8"?><testsuites name="pytest tests"><testsuite name="pytest" errors="0" failures="0" skipped="0" tests="16" time="11.125" timestamp="2026-02-19T02:41:16.623932+00:00" hostname="agent-env-1d07f152-ad9d-4f10-bb9c-413d8f5d329c"><testcase classname="tests.test_auth_and_payments.TestUserRegistration" name="test_register_new_user_success" time="0.363" /><testcase classname="tests.test_auth_and_payments.TestUserRegistration" name="test_register_duplicate_email_fails" time="0.511" /><testcase classname="tests.test_auth_and_payments.TestUserLogin" name="test_login_success" time="0.699" /><testcase classname="tests.test_auth_and_payments.TestUserLogin" name="test_login_wrong_password_fails" time="0.848" /><testcase classname="tests.test_auth_and_payments.TestUserLogin" name="test_login_nonexistent_user_fails" time="0.577" /><testcase classname="tests.test_auth_and_payments.TestUserLogin" name="test_auth_me_with_valid_token" time="0.570" /><testcase classname="tests.test_auth_and_payments.TestUserLogin" name="test_auth_me_without_token_fails" time="0.599" /><testcase classname="tests.test_auth_and_payments.TestFreePlanLimits" name="test_create_first_raffle_success" time="0.641" /><testcase classname="tests.test_auth_and_payments.TestFreePlanLimits" name="test_create_second_raffle_success" time="1.063" /><testcase classname="tests.test_auth_and_payments.TestFreePlanLimits" name="test_create_third_raffle_fails_free_plan" time="1.287" /><testcase classname="tests.test_auth_and_payments.TestMercadoPagoEndpoint" name="test_mercadopago_create_preference_returns_503" time="0.784" /><testcase classname="tests.test_auth_and_payments.TestMercadoPagoEndpoint" name="test_mercadopago_status_endpoint_404" time="0.985" /><testcase classname="tests.test_auth_and_payments.TestGoogleAuthSession" name="test_google_session_without_session_id_fails" time="0.111" /><testcase classname="tests.test_auth_and_payments.TestGoogleAuthSession" name="test_google_session_with_invalid_session_id_fails" time="0.278" /><testcase classname="tests.test_auth_and_payments.TestPublicRaffleEndpoint" name="test_public_raffle_endpoint_returns_data" time="0.722" /><testcase classname="tests.test_auth_and_payments.TestPublicRaffleEndpoint" name="test_public_raffle_invalid_code_404" time="1.030" /></testsuite></testsuites>