<?xml version="1.0" encoding="utf-8"?><testsuites name="pytest tests"><testsuite name="pytest" errors="0" failures="0" skipped="0" tests="25" time="12.829" timestamp="2026-02-19T04:32:20.289790+00:00" hostname="agent-env-1d07f152-ad9d-4f10-bb9c-413d8f5d329c"><testcase classname="backend.tests.test_refactored_backend.TestHealthCheck" name="test_api_health_check" time="0.150" /><testcase classname="backend.tests.test_refactored_backend.TestAuthEndpoints" name="test_register_new_user" time="0.350" /><testcase classname="backend.tests.test_refactored_backend.TestAuthEndpoints" name="test_register_duplicate_email" time="0.458" /><testcase classname="backend.tests.test_refactored_backend.TestAuthEndpoints" name="test_login_valid_credentials" time="0.690" /><testcase classname="backend.tests.test_refactored_backend.TestAuthEndpoints" name="test_login_invalid_password" time="0.765" /><testcase classname="backend.tests.test_refactored_backend.TestAuthEndpoints" name="test_login_nonexistent_email" time="0.117" /><testcase classname="backend.tests.test_refactored_backend.TestAuthEndpoints" name="test_get_me_with_token" time="0.482" /><testcase classname="backend.tests.test_refactored_backend.TestAuthEndpoints" name="test_get_me_without_token" time="0.115" /><testcase classname="backend.tests.test_refactored_backend.TestRaffleEndpoints" name="test_create_raffle_authenticated" time="0.487" /><testcase classname="backend.tests.test_refactored_backend.TestRaffleEndpoints" name="test_create_raffle_unauthenticated" time="0.101" /><testcase classname="backend.tests.test_refactored_backend.TestRaffleEndpoints" name="test_list_raffles" time="0.572" /><testcase classname="backend.tests.test_refactored_backend.TestRaffleEndpoints" name="test_get_raffle_by_id" time="0.558" /><testcase classname="backend.tests.test_refactored_backend.TestRaffleEndpoints" name="test_update_raffle" time="0.669" /><testcase classname="backend.tests.test_refactored_backend.TestRaffleEndpoints" name="test_delete_raffle" time="0.669" /><testcase classname="backend.tests.test_refactored_backend.TestPublicEndpoints" name="test_get_public_raffle" time="0.725" /><testcase classname="backend.tests.test_refactored_backend.TestPublicEndpoints" name="test_get_public_raffle_invalid_code" time="0.113" /><testcase classname="backend.tests.test_refactored_backend.TestPaymentEndpoints" name="test_mercadopago_not_configured" time="0.111" /><testcase classname="backend.tests.test_refactored_backend.TestPaymentEndpoints" name="test_cash_order_creation" time="0.824" /><testcase classname="backend.tests.test_refactored_backend.TestUtilityEndpoints" name="test_upload_image_requires_auth" time="0.110" /><testcase classname="backend.tests.test_refactored_backend.TestUtilityEndpoints" name="test_get_my_tickets" time="0.432" /><testcase classname="backend.tests.test_refactored_backend.TestUtilityEndpoints" name="test_get_stats" time="0.443" /><testcase classname="backend.tests.test_refactored_backend.TestTicketManagement" name="test_assign_tickets" time="0.913" /><testcase classname="backend.tests.test_refactored_backend.TestSpinAndWinner" name="test_spin_wheel" time="0.907" /><testcase classname="backend.tests.test_refactored_backend.TestSpinAndWinner" name="test_preselect_winner" time="0.885" /><testcase classname="backend.tests.test_refactored_backend.TestSpinAndWinner" name="test_reset_spins" time="1.091" /></testsuite></testsuites>